Already up-to-date.
make -C build-tools all
make[1]: Entering directory '/home/zededa-ci/src/zenbuild/build-tools'
make[1]: Nothing to be done for 'all'.
make[1]: Leaving directory '/home/zededa-ci/src/zenbuild/build-tools'
Already up-to-date.
Building and pushing "zededa/ztools:e601d29a6593fe5a23dfa45e86fdccf8b1efd54e"
e601d29a6593fe5a23dfa45e86fdccf8b1efd54e: Pulling from zededa/ztools
no matching manifest for linux/arm64 in the manifest list entries
No image pulled, continuing with build
Sending build context to Docker daemon  15.37MB
Error response from daemon: Error processing tar file(exit status 2): runtime/cgo: pthread_create failed: Resource temporarily unavailable
runtime/cgo: pthread_create failed: Resource temporarily unavailable
SIGABRT: abort
PC=0x1347ec8 m=0 sigcode=18446744073709551610

goroutine 0 [idle]:

goroutine 1 [chan receive, locked to thread]:
github.com/docker/docker/vendor/github.com/prometheus/client_golang/prometheus.(*registry).Register(0x442022f2c0, 0xffff7b3f03a0, 0x4420449ce0, 0x0, 0x0, 0x0, 0x0)
	/go/src/github.com/docker/docker/vendor/github.com/prometheus/client_golang/prometheus/registry.go:235 +0x140
github.com/docker/docker/vendor/github.com/prometheus/client_golang/prometheus.Register(0xffff7b3f03a0, 0x4420449ce0, 0x442043c400, 0xffff7b3f03a0)
	/go/src/github.com/docker/docker/vendor/github.com/prometheus/client_golang/prometheus/registry.go:113 +0x38
github.com/docker/docker/vendor/github.com/prometheus/client_golang/prometheus.MustRegister(0x44201d3d40, 0x1, 0x1)
	/go/src/github.com/docker/docker/vendor/github.com/prometheus/client_golang/prometheus/registry.go:122 +0x44
github.com/docker/docker/vendor/github.com/coreos/etcd/wal.init.1()
	/go/src/github.com/docker/docker/vendor/github.com/coreos/etcd/wal/metrics.go:30 +0x74
github.com/docker/docker/vendor/github.com/coreos/etcd/wal.init()
	/go/src/github.com/docker/docker/vendor/github.com/coreos/etcd/wal/wal_unix.go:45 +0x360
github.com/docker/docker/vendor/github.com/docker/swarmkit/manager/state/raft/storage.init()
	/go/src/github.com/docker/docker/vendor/github.com/docker/swarmkit/manager/state/raft/storage/walwrap.go:256 +0x84
github.com/docker/docker/vendor/github.com/docker/swarmkit/manager/state/raft.init()
	/go/src/github.com/docker/docker/vendor/github.com/docker/swarmkit/manager/state/raft/wait.go:78 +0x9c
github.com/docker/docker/vendor/github.com/docker/swarmkit/manager.init()
	/go/src/github.com/docker/docker/vendor/github.com/docker/swarmkit/manager/role_manager.go:178 +0x64
github.com/docker/docker/vendor/github.com/docker/swarmkit/node.init()
	/go/src/github.com/docker/docker/vendor/github.com/docker/swarmkit/node/node.go:1104 +0xa8
github.com/docker/docker/daemon/cluster.init()
	/go/src/github.com/docker/docker/daemon/cluster/utils.go:64 +0x80
github.com/docker/docker/api/server/router/network.init()
	/go/src/github.com/docker/docker/api/server/router/network/network_routes.go:503 +0x68
main.init()
	/go/src/github.com/docker/docker/cmd/dockerd/service_unsupported.go:15 +0xb4

goroutine 17 [syscall, locked to thread]:
runtime.goexit()
	/usr/src/go/src/runtime/asm_arm64.s:981 +0x4

goroutine 18 [syscall]:
os/signal.signal_recv(0x0)
	/usr/src/go/src/runtime/sigqueue.go:116 +0xd8
os/signal.loop()
	/usr/src/go/src/os/signal/signal_unix.go:22 +0x18
created by os/signal.init.1
	/usr/src/go/src/os/signal/signal_unix.go:28 +0x30

goroutine 32 [runnable]:
github.com/docker/docker/vendor/github.com/prometheus/client_golang/prometheus.(*registry).Register.func1(0xffff7b3f03a0, 0x4420449ce0, 0x44203ed020)
	/go/src/github.com/docker/docker/vendor/github.com/prometheus/client_golang/prometheus/registry.go:222
created by github.com/docker/docker/vendor/github.com/prometheus/client_golang/prometheus.(*registry).Register
	/go/src/github.com/docker/docker/vendor/github.com/prometheus/client_golang/prometheus/registry.go:225 +0x80

r0      0x0
r1      0x3295
r2      0x6
r3      0x5fa9000
r4      0x3295
r5      0x5fa96f0
r6      0x0
r7      0x0
r8      0x83
r9      0xffffff80ffffffc8
r10     0x73
r11     0xffffc64d0180
r12     0x101010101010101
r13     0xffffc64d2c80
r14     0x13
r15     0x20
r16     0x0
r17     0x3
r18     0x2310000
r19     0x23a5000
r20     0x5fa9000
r21     0x23a5a50
r22     0xffffc64d2b78
r23     0x5fabcc0
r24     0xb
r25     0x0
r26     0x18aa1a8
r27     0x22eb030
r28     0x2383620
r29     0xffffc64d2840
lr      0x13481d0
sp      0xffffc64d2840
pc      0x1347ec8
fault   0x8
exit status 1
e601d29a6593fe5a23dfa45e86fdccf8b1efd54e: Pulling from zededa/ztools
no matching manifest for linux/arm64 in the manifest list entries
Error response from daemon: No such image: zededa/ztools:e601d29a6593fe5a23dfa45e86fdccf8b1efd54e
The push refers to a repository [docker.io/zededa/ztools]
tag does not exist: zededa/ztools:latest-arm64
make: Entering directory '/home/zededa-ci/src/zenbuild/pkg'
(cd ..; ./parse-pkgs.sh pkg/kmod_pfring/Dockerfile.in > pkg/kmod_pfring/Dockerfile)
(cd ..; ./parse-pkgs.sh pkg/qrexec-lib/Dockerfile.in > pkg/qrexec-lib/Dockerfile)
(cd ..; ./parse-pkgs.sh pkg/qrexec-dom0/Dockerfile.in > pkg/qrexec-dom0/Dockerfile)
(cd ..; ./parse-pkgs.sh pkg/zedctr/Dockerfile.in > pkg/zedctr/Dockerfile)
(cd ..; ./parse-pkgs.sh pkg/mkconf/Dockerfile.in > pkg/mkconf/Dockerfile)
(cd ..; ./parse-pkgs.sh pkg/mkflash/Dockerfile.in > pkg/mkflash/Dockerfile)
(cd ..; ./parse-pkgs.sh pkg/mkimage-iso-efi/Dockerfile.in > pkg/mkimage-iso-efi/Dockerfile)
(cd ..; ./parse-pkgs.sh pkg/mkimage-raw-efi//Dockerfile.in > pkg/mkimage-raw-efi//Dockerfile)
Building and pushing "zededa/grub:8e9e055548f7b965cf6ffd7a0ac3ebab679a01e1"
8e9e055548f7b965cf6ffd7a0ac3ebab679a01e1: Pulling from zededa/grub
no matching manifest for linux/arm64 in the manifest list entries
No image pulled, continuing with build
Sending build context to Docker daemon  13.31kB
Step 1/16 : FROM linuxkit/alpine:8b53d842a47fce43464e15f65ee2f68b82542330 AS grub-build
 ---> 3845c352aaeb
Step 2/16 : RUN apk add   automake   make   bison   gettext   flex   gcc   git   libtool   libc-dev   linux-headers   python3   autoconf
 ---> Using cache
 ---> fbe4d8a2f5f3
Step 3/16 : RUN ln -s python3 /usr/bin/python
 ---> Running in c22d68015b00
 ---> d3424993bd14
Removing intermediate container c22d68015b00
Step 4/16 : ENV GRUB_MODULES_PORT "part_gpt fat ext2 iso9660 squash4 gzio linux acpi normal cpio crypto disk boot crc64 gpt search_disk_uuid verify xzio xfs video gfxterm efi_gop gptprio chain probe reboot regexp getenv part_msdos"
 ---> Running in 6d3c2ef2168f
 ---> 10dcb68c0b25
Removing intermediate container 6d3c2ef2168f
Step 5/16 : ENV GRUB_MODULES_x86_64 "multiboot2 efi_uga linuxefi"
 ---> Running in 872057f0a728
 ---> 1b7ac58a3e5e
Removing intermediate container 872057f0a728
Step 6/16 : ENV GRUB_MODULES_aarch64 "xen_boot"
 ---> Running in 00f3fb40f0b2
 ---> 9d24e5787db6
Removing intermediate container 00f3fb40f0b2
Step 7/16 : ENV GRUB_COMMIT 6782f6d431d22b4e9ab14e94d263795c7991e160
 ---> Running in 60c6f9faca20
 ---> 6e537c3103bf
Removing intermediate container 60c6f9faca20
Step 8/16 : COPY patches/* /patches/
 ---> 82056fafd11b
Step 9/16 : RUN mkdir /grub-lib &&   set -e &&   git clone https://github.com/coreos/grub.git &&   cd grub &&   git checkout -b grub-build ${GRUB_COMMIT} &&   for patch in /patches/*.patch; do     echo "Applying $patch";     patch -p1 < "$patch";   done &&   ./autogen.sh &&   ./configure --libdir=/grub-lib --with-platform=efi CFLAGS="-Os -Wno-unused-value" &&   make -j "$(getconf _NPROCESSORS_ONLN)" &&   make install
 ---> Running in 7b17ed58f967
[91mnsenter: unable to fork: init_func: Resource temporarily unavailable
container_linux.go:265: starting container process caused "process_linux.go:270: running exec setns process for init caused \"exit status 40\""
[0moci runtime error: container_linux.go:265: starting container process caused "process_linux.go:270: running exec setns process for init caused \"exit status 40\""

exit status 1
Makefile:16: recipe for target 'push' failed
make: *** [push] Error 1
make: Leaving directory '/home/zededa-ci/src/zenbuild/pkg'
make: Entering directory '/home/zededa-ci/src/zenbuild/build-pkgs'
Building and pushing "zededa/build-pkgs_abuild:7ae4d9f9fa290963de466d5ed96d6c9318354824"
7ae4d9f9fa290963de466d5ed96d6c9318354824: Pulling from zededa/build-pkgs_abuild
Digest: sha256:ba07e9431235007b6a2efc3f9d1f8b57afcad774956748e48770af84c7a06fd3
Status: Image is up to date for zededa/build-pkgs_abuild:7ae4d9f9fa290963de466d5ed96d6c9318354824
Building and pushing "zededa/build-pkgs_uefi:a3362428c518fb4db1a136a961bd17e8a66fb693"
a3362428c518fb4db1a136a961bd17e8a66fb693: Pulling from zededa/build-pkgs_uefi
Digest: sha256:adbf043c596d4c5fed11fe2ff39e5b0cd08da973a9de99979a8a675cfa91a067
Status: Image is up to date for zededa/build-pkgs_uefi:a3362428c518fb4db1a136a961bd17e8a66fb693
make: Leaving directory '/home/zededa-ci/src/zenbuild/build-pkgs'
tee: /dev/tty: No such device or address
Error response from daemon: manifest for zededa/zedctr:1d2d5bbee2379fab87dbeddad3cdfe0c1717187e-arm64 not found
./parse-pkgs.sh images/installer.yml.in > images/installer.yml
./parse-pkgs.sh images/fallback.yml.in > images/fallback.yml
./makerootfs.sh images/fallback.yml squash rootfs_aarch64.img
Extract kernel image: zededa/kernel:2f3f0ca93049e132867b9f9a836848e6ecc03f4b-arm64
Unable to find image 'zededa/mkrootfs-squash:1133d9607d141ecf099aa3cd397a5df7dfc33d87' locally
1133d9607d141ecf099aa3cd397a5df7dfc33d87: Pulling from zededa/mkrootfs-squash
docker: no matching manifest for linux/arm64 in the manifest list entries.
See 'docker run --help'.
Makefile:114: recipe for target 'rootfs_aarch64.img' failed
make: *** [rootfs_aarch64.img] Error 125
The push refers to a repository [docker.io/zededa/zenix]
tag does not exist: zededa/zenix:latest-arm64
